<?xml version="1.0" encoding="utf-8"?><testsuites name="pytest tests"><testsuite name="pytest" errors="0" failures="1" skipped="0" tests="9" time="11.678" timestamp="2026-08-21T15:38:55.911109+00:00" hostname="agent-env-a16ef9f9-2e80-41b1-9540-2df79296de12"><testcase classname="tests.test_m1_iter2_live.TestLogoutInvalidation" name="test_logout_invalidates_token_replay" time="3.015"><failure message="AssertionError: replayed token still valid: 200 {&quot;user&quot;:{&quot;id&quot;:&quot;6a887111ec9dc73e00b71220&quot;,&quot;email&quot;:&quot;test_logout.1787326736.ec2e23@example.com&quot;,&quot;full_name&quot;:&quot;TEST Hospital User&quot;,&quot;role&quot;:&quot;HOSPITAL&quot;,&quot;account_status&quot;:&quot;ACTIVE&quot;,&quot;authentication_provider&quot;:&quot;PAS&#10;assert 200 == 401&#10; +  where 200 = &lt;Response [200]&gt;.status_code">E   AssertionError: replayed token still valid: 200 {"user":{"id":"6a887111ec9dc73e00b71220","email":"test_logout.1787326736.ec2e23@example.com","full_name":"TEST Hospital User","role":"HOSPITAL","account_status":"ACTIVE","authentication_provider":"PAS
    assert 200 == 401
     +  where 200 = &lt;Response [200]&gt;.status_code</failure></testcase><testcase classname="tests.test_m1_iter2_live.TestRegisterThrottlePerEmail" name="test_distinct_emails_all_succeed" time="2.910" /><testcase classname="tests.test_m1_iter2_live.TestRegisterThrottlePerEmail" name="test_same_email_throttled_after_five" time="1.585" /><testcase classname="tests.test_m1_iter2_live.TestLogoutInvalidation" name="test_logout_invalidates_token_replay_after_delay" time="4.401" /><testcase classname="tests.test_m1_iter2_live.TestAdminApprovals" name="test_admin_can_list_and_approve" time="1.104" /><testcase classname="tests.test_m1_iter2_live.TestAdminApprovals" name="test_non_admin_cannot_list_organisations" time="0.473" /><testcase classname="tests.test_m1_iter2_live.TestPendingAndIsolation" name="test_pending_blocked_and_cross_org_403" time="1.105" /><testcase classname="tests.test_m1_iter2_live.TestLogoutInvalidation" name="test_no_store_cache_header_on_api" time="0.178" /><testcase classname="tests.test_m1_iter2_live.TestLoginLockoutPerEmail" name="test_lockout_is_email_scoped" time="3.369" /></testsuite></testsuites>