<?xml version="1.0" encoding="utf-8"?><testsuites name="pytest tests"><testsuite name="pytest" errors="0" failures="0" skipped="0" tests="26" time="7.602" timestamp="2026-08-21T16:12:38.694071+00:00" hostname="agent-env-a16ef9f9-2e80-41b1-9540-2df79296de12"><testcase classname="tests.test_m2a_live_api.TestAdminGating" name="test_unauthenticated_rejected[/network/facilities]" time="0.471" /><testcase classname="tests.test_m2a_live_api.TestAdminGating" name="test_unauthenticated_rejected[/catalog/products]" time="0.239" /><testcase classname="tests.test_m2a_live_api.TestNetworkReads" name="test_facilities" time="0.835" /><testcase classname="tests.test_m2a_live_api.TestAdminGating" name="test_unauthenticated_rejected[/network/inventory]" time="0.099" /><testcase classname="tests.test_m2a_live_api.TestNetworkReads" name="test_products" time="0.098" /><testcase classname="tests.test_m2a_live_api.TestAdminGating" name="test_unauthenticated_rejected[/network/suppliers]" time="0.088" /><testcase classname="tests.test_m2a_live_api.TestAdminGating" name="test_unauthenticated_rejected[/network/supplier-availability]" time="0.151" /><testcase classname="tests.test_m2a_live_api.TestNetworkReads" name="test_product_detail_and_filter" time="0.312" /><testcase classname="tests.test_m2a_live_api.TestAdminGating" name="test_unauthenticated_rejected[/synthetic/status]" time="0.110" /><testcase classname="tests.test_m2a_live_api.TestAdminGating" name="test_unauthenticated_seed_rejected[/synthetic/seed]" time="0.133" /><testcase classname="tests.test_m2a_live_api.TestNetworkReads" name="test_product_detail_unknown_id" time="0.123" /><testcase classname="tests.test_m2a_live_api.TestAdminGating" name="test_unauthenticated_seed_rejected[/synthetic/reset]" time="0.104" /><testcase classname="tests.test_m2a_live_api.TestNetworkReads" name="test_inventory_integrity" time="0.833" /><testcase classname="tests.test_m2a_live_api.TestAdminGating" name="test_non_admin_forbidden" time="1.505" /><testcase classname="tests.test_m2a_live_api.TestNetworkReads" name="test_inventory_filters" time="0.441" /><testcase classname="tests.test_m2a_live_api.TestNetworkReads" name="test_suppliers" time="0.086" /><testcase classname="tests.test_m2a_live_api.TestNetworkReads" name="test_supplier_availability" time="0.377" /><testcase classname="tests.test_m2a_live_api.TestM1Regression" name="test_unauthenticated_me_401" time="0.127" /><testcase classname="tests.test_m2a_live_api.TestIdempotentSeed" name="test_reset_twice_identical" time="0.577" /><testcase classname="tests.test_m2a_live_api.TestM1Regression" name="test_admin_me" time="0.472" /><testcase classname="tests.test_m2a_live_api.TestM1Regression" name="test_hospital_registration_pending" time="0.356" /><testcase classname="tests.test_m2a_live_api.TestIdempotentSeed" name="test_seed_endpoint_counts" time="0.634" /><testcase classname="tests.test_m2a_live_api.TestM1Regression" name="test_bad_password_rejected" time="0.390" /><testcase classname="tests.test_m2a_live_api.TestCanonicalScenario" name="test_status_canonical" time="0.107" /><testcase classname="tests.test_m2a_live_api.TestReproducibilityAndIsolation" name="test_reseed_is_deterministic" time="1.003" /><testcase classname="tests.test_m2a_live_api.TestReproducibilityAndIsolation" name="test_reseed_preserves_real_registered_org" time="1.084" /></testsuite></testsuites>