<?xml version="1.0" encoding="utf-8"?><testsuites name="pytest tests"><testsuite name="pytest" errors="0" failures="0" skipped="0" tests="47" time="13.738" timestamp="2026-08-21T15:24:06.491684+00:00" hostname="agent-env-a16ef9f9-2e80-41b1-9540-2df79296de12"><testcase classname="tests.test_m1_identity" name="test_password_hashing_roundtrip" time="0.992" /><testcase classname="tests.test_m1_live_api.TestRegistrationPending" name="test_hospital_registration_pending" time="0.758" /><testcase classname="tests.test_m1_identity" name="test_approval_transitions" time="0.000" /><testcase classname="tests.test_m1_identity" name="test_unauthenticated_blocked" time="0.472" /><testcase classname="tests.test_m1_live_api.TestRegistrationPending" name="test_supplier_registration_pending" time="0.667" /><testcase classname="tests.test_m1_live_api.TestRegistrationPending" name="test_me_works_while_pending" time="0.119" /><testcase classname="tests.test_m1_identity" name="test_hospital_registration_is_pending_and_blocked" time="0.518" /><testcase classname="tests.test_m1_live_api.TestRegistrationPending" name="test_facilities_403_org_pending" time="0.089" /><testcase classname="tests.test_m1_live_api.TestRegistrationPending" name="test_create_facility_403_while_pending" time="0.121" /><testcase classname="tests.test_m1_live_api.TestRegistrationPending" name="test_duplicate_email_rejected" time="0.189" /><testcase classname="tests.test_m1_live_api.TestRegistrationPending" name="test_short_password_rejected" time="0.158" /><testcase classname="tests.test_m1_identity" name="test_admin_login_and_approval_flow" time="1.374" /><testcase classname="tests.test_m1_live_api.TestApprovalLifecycle" name="test_admin_can_list_pending" time="0.675" /><testcase classname="tests.test_m1_live_api.TestApprovalLifecycle" name="test_approve_then_invalid_transition" time="0.212" /><testcase classname="tests.test_m1_live_api.TestApprovalLifecycle" name="test_approved_user_gains_access" time="0.688" /><testcase classname="tests.test_m1_identity" name="test_cross_org_access_denied" time="1.344" /><testcase classname="tests.test_m1_live_api.TestApprovalLifecycle" name="test_suspend_blocks_operational_access" time="0.998" /><testcase classname="tests.test_m1_live_api.TestApprovalLifecycle" name="test_supplier_approval" time="0.746" /><testcase classname="tests.test_m1_identity" name="test_non_admin_cannot_approve" time="0.753" /><testcase classname="tests.test_m1_live_api.TestApprovalLifecycle" name="test_admin_get_any_org" time="0.069" /><testcase classname="tests.test_m1_identity" name="test_suspended_org_blocks_access" time="1.600" /><testcase classname="tests.test_m1_live_api.TestUnauthenticated" name="test_me_401" time="0.183" /><testcase classname="tests.test_m1_live_api.TestUnauthenticated" name="test_facilities_401" time="0.196" /><testcase classname="tests.test_m1_live_api.TestUnauthenticated" name="test_organisations_401" time="0.158" /><testcase classname="tests.test_m1_live_api.TestUnauthenticated" name="test_users_me_401" time="0.184" /><testcase classname="tests.test_m1_live_api.TestUnauthenticated" name="test_bad_token_401" time="0.147" /><testcase classname="tests.test_m1_live_api.TestAuthorization" name="test_cross_org_denied" time="0.307" /><testcase classname="tests.test_m1_live_api.TestAuthorization" name="test_own_org_allowed" time="0.152" /><testcase classname="tests.test_m1_live_api.TestAuthorization" name="test_non_admin_cannot_list_orgs" time="0.104" /><testcase classname="tests.test_m1_live_api.TestAuthorization" name="test_non_admin_cannot_approve" time="0.095" /><testcase classname="tests.test_domain_base" name="test_to_mongo_drops_none_id" time="0.000" /><testcase classname="tests.test_domain_base" name="test_from_mongo_maps_object_id_to_str_id" time="0.000" /><testcase classname="tests.test_domain_base" name="test_from_mongo_none_returns_none" time="0.000" /><testcase classname="tests.test_domain_base" name="test_pyobjectid_coerces_objectid" time="0.001" /><testcase classname="tests.test_exceptions" name="test_default_app_error" time="0.000" /><testcase classname="tests.test_exceptions" name="test_specific_errors_have_expected_codes" time="0.000" /><testcase classname="tests.test_exceptions" name="test_app_error_overrides" time="0.000" /><testcase classname="tests.test_health_api" name="test_health_endpoint" time="0.395" /><testcase classname="tests.test_m1_live_api.TestSession" name="test_logout_clears_session" time="1.047" /><testcase classname="tests.test_health_api" name="test_liveness_endpoint" time="0.344" /><testcase classname="tests.test_health_api" name="test_unknown_route_returns_structured_error" time="0.240" /><testcase classname="tests.test_m1_live_api.TestSession" name="test_refresh_issues_new_access" time="0.864" /><testcase classname="tests.test_m1_live_api.TestProfile" name="test_update_full_name_persists" time="0.800" /><testcase classname="tests.test_m1_live_api.TestBruteForce" name="test_lockout_after_failures" time="2.832" /><testcase classname="tests.test_m1_live_api.TestSession" name="test_refresh_without_cookie_401" time="0.275" /><testcase classname="tests.test_m1_live_api.TestSession" name="test_httponly_secure_cookies" time="0.644" /><testcase classname="tests.test_m1_live_api.TestPasswordStorage" name="test_hash_is_bcrypt_in_db" time="0.366" /></testsuite></testsuites>